<?xml version="1.0" encoding="UTF-8"?>
<testng-results ignored="0" total="2" passed="2" failed="0" skipped="0">
  <reporter-output>
  </reporter-output>
  <suite started-at="2025-01-16T11:30:50 IST" name="Default suite" finished-at="2025-01-16T11:31:08 IST" duration-ms="18007">
    <groups>
    </groups>
    <test started-at="2025-01-16T11:30:50 IST" name="Default test" finished-at="2025-01-16T11:31:08 IST" duration-ms="18007">
      <class name="testCases.TC001_SelectFromStation">
        <test-method is-config="true" signature="setup()[pri:0, instance:testCases.TC001_SelectFromStation@34e9fd99]" started-at="2025-01-16T11:30:50 IST" name="setup" finished-at="2025-01-16T11:30:58 IST" duration-ms="7720" status="PASS">
          <reporter-output>
          </reporter-output>
        </test-method> <!-- setup -->
        <test-method signature="selectStationByIndex()[pri:0, instance:testCases.TC001_SelectFromStation@34e9fd99]" started-at="2025-01-16T11:30:58 IST" name="selectStationByIndex" finished-at="2025-01-16T11:30:59 IST" duration-ms="1344" status="PASS">
          <reporter-output>
          </reporter-output>
        </test-method> <!-- selectStationByIndex -->
        <test-method signature="writeIntoExcel()[pri:0, instance:testCases.TC001_SelectFromStation@34e9fd99]" started-at="2025-01-16T11:30:59 IST" name="writeIntoExcel" finished-at="2025-01-16T11:31:05 IST" duration-ms="5507" status="PASS">
          <reporter-output>
          </reporter-output>
        </test-method> <!-- writeIntoExcel -->
        <test-method is-config="true" signature="tearDown()[pri:0, instance:testCases.TC001_SelectFromStation@34e9fd99]" started-at="2025-01-16T11:31:05 IST" name="tearDown" finished-at="2025-01-16T11:31:08 IST" duration-ms="3338" status="PASS">
          <reporter-output>
          </reporter-output>
        </test-method> <!-- tearDown -->
      </class> <!-- testCases.TC001_SelectFromStation -->
    </test> <!-- Default test -->
  </suite> <!-- Default suite -->
</testng-results>
